<?xml version="1.0" encoding="UTF-8"?>
<!-- Generated by org.testng.reporters.JUnitXMLReporter -->
<testsuite hostname="1B3CZ22" name="Default test" tests="1" failures="1" timestamp="15 Jun 2016 12:13:20 GMT" time="207.864" errors="0">
  <testcase name="getAndVerifyLinksFromHTML" time="185.22" classname="validator.FindCertainExtension">
    <failure type="java.io.FileNotFoundException" message="C:\Users\Manoj\Desktop\Automation\working workspace\Content\Source\tabers.ed22\content\HTML\h\tu109.htm#c05-150780 (The system cannot find the file specified)">
      <![CDATA[java.io.FileNotFoundException: C:\Users\Manoj\Desktop\Automation\working workspace\Content\Source\tabers.ed22\content\HTML\h\tu109.htm#c05-150780 (The system cannot find the file specified)
	at java.io.FileInputStream.open0(Native Method)
	at java.io.FileInputStream.open(Unknown Source)
	at java.io.FileInputStream.<init>(Unknown Source)
	at org.jsoup.helper.DataUtil.load(DataUtil.java:37)
	at org.jsoup.Jsoup.parse(Jsoup.java:103)
	at validator.FindCertainExtension.checkAnchorInFile(FindCertainExtension.java:155)
	at validator.FindCertainExtension.iSAnchorInOtherHTMLFileExits(FindCertainExtension.java:140)
	at validator.FindCertainExtension.getAndVerifyLinksFromHTML(FindCertainExtension.java:104)
	at sun.reflect.NativeMethodAccessorImpl.invoke0(Native Method)
	at sun.reflect.NativeMethodAccessorImpl.invoke(Unknown Source)
	at sun.reflect.DelegatingMethodAccessorImpl.invoke(Unknown Source)
	at java.lang.reflect.Method.invoke(Unknown Source)
	at org.testng.internal.MethodInvocationHelper.invokeMethod(MethodInvocationHelper.java:84)
	at org.testng.internal.Invoker.invokeMethod(Invoker.java:714)
	at org.testng.internal.Invoker.invokeTestMethod(Invoker.java:901)
	at org.testng.internal.Invoker.invokeTestMethods(Invoker.java:1231)
	at org.testng.internal.TestMethodWorker.invokeTestMethods(TestMethodWorker.java:127)
	at org.testng.internal.TestMethodWorker.run(TestMethodWorker.java:111)
	at org.testng.TestRunner.privateRun(TestRunner.java:767)
	at org.testng.TestRunner.run(TestRunner.java:617)
	at org.testng.SuiteRunner.runTest(SuiteRunner.java:334)
	at org.testng.SuiteRunner.runSequentially(SuiteRunner.java:329)
	at org.testng.SuiteRunner.privateRun(SuiteRunner.java:291)
	at org.testng.SuiteRunner.run(SuiteRunner.java:240)
	at org.testng.SuiteRunnerWorker.runSuite(SuiteRunnerWorker.java:52)
	at org.testng.SuiteRunnerWorker.run(SuiteRunnerWorker.java:86)
	at org.testng.TestNG.runSuitesSequentially(TestNG.java:1224)
	at org.testng.TestNG.runSuitesLocally(TestNG.java:1149)
	at org.testng.TestNG.run(TestNG.java:1057)
	at org.testng.remote.RemoteTestNG.run(RemoteTestNG.java:111)
	at org.testng.remote.RemoteTestNG.initAndRun(RemoteTestNG.java:204)
	at org.testng.remote.RemoteTestNG.main(RemoteTestNG.java:175)
]]>
    </failure>
  </testcase> <!-- getAndVerifyLinksFromHTML -->
</testsuite> <!-- Default test -->
